Using pre-set license
Built from '2021.3/staging' branch; Version is '2021.3.21f1 (1b156197d683) revision 1774945'; Using compiler version '192829333'; Build Type 'Release'
OS: 'Windows 11  (10.0.22621) 64bit CoreSingleLanguage' Language: 'es' Physical Memory: 16126 MB
BatchMode: 1, IsHumanControllingUs: 0, StartBugReporterOnCrash: 0, Is64bit: 1, IsPro: 1

COMMAND LINE ARGUMENTS:
C:\Program Files\Unity\Hub\Editor\2021.3.21f1\Editor\Unity.exe
-adb2
-batchMode
-noUpm
-name
AssetImportWorker0
-projectPath
C:/Users/Luciano_Flores/AR_Tarjeta
-logFile
Logs/AssetImportWorker0.log
-srvPort
60946
Successfully changed project path to: C:/Users/Luciano_Flores/AR_Tarjeta
C:/Users/Luciano_Flores/AR_Tarjeta
[UnityMemory] Configuration Parameters - Can be set up in boot.config
    "memorysetup-bucket-allocator-granularity=16"
    "memorysetup-bucket-allocator-bucket-count=8"
    "memorysetup-bucket-allocator-block-size=33554432"
    "memorysetup-bucket-allocator-block-count=8"
    "memorysetup-main-allocator-block-size=16777216"
    "memorysetup-thread-allocator-block-size=16777216"
    "memorysetup-gfx-main-allocator-block-size=16777216"
    "memorysetup-gfx-thread-allocator-block-size=16777216"
    "memorysetup-cache-allocator-block-size=4194304"
    "memorysetup-typetree-allocator-block-size=2097152"
    "memorysetup-profiler-bucket-allocator-granularity=16"
    "memorysetup-profiler-bucket-allocator-bucket-count=8"
    "memorysetup-profiler-bucket-allocator-block-size=33554432"
    "memorysetup-profiler-bucket-allocator-block-count=8"
    "memorysetup-profiler-allocator-block-size=16777216"
    "memorysetup-profiler-editor-allocator-block-size=1048576"
    "memorysetup-temp-allocator-size-main=16777216"
    "memorysetup-job-temp-allocator-block-size=2097152"
    "memorysetup-job-temp-allocator-block-size-background=1048576"
    "memorysetup-job-temp-allocator-reduction-small-platforms=262144"
    "memorysetup-temp-allocator-size-background-worker=32768"
    "memorysetup-temp-allocator-size-job-worker=262144"
    "memorysetup-temp-allocator-size-preload-manager=33554432"
    "memorysetup-temp-allocator-size-nav-mesh-worker=65536"
    "memorysetup-temp-allocator-size-audio-worker=65536"
    "memorysetup-temp-allocator-size-cloud-worker=32768"
    "memorysetup-temp-allocator-size-gi-baking-worker=262144"
    "memorysetup-temp-allocator-size-gfx=262144"
Player connection [17604] Host "[IP] 192.168.136.52 [Port] 0 [Flags] 2 [Guid] 3871407286 [EditorId] 3871407286 [Version] 1048832 [Id] WindowsEditor(7,DESKTOP-RD9Q29A) [Debug] 1 [PackageName] WindowsEditor [ProjectName] Editor" joined multi-casting on [225.0.0.222:54997]...

Player connection [17604] Host "[IP] 192.168.136.52 [Port] 0 [Flags] 2 [Guid] 3871407286 [EditorId] 3871407286 [Version] 1048832 [Id] WindowsEditor(7,DESKTOP-RD9Q29A) [Debug] 1 [PackageName] WindowsEditor [ProjectName] Editor" joined alternative multi-casting on [225.0.0.222:34997]...

Refreshing native plugins compatible for Editor in 126.68 ms, found 3 plugins.
Preloading 0 native plugins for Editor in 0.00 ms.
Initialize engine version: 2021.3.21f1 (1b156197d683)
[Subsystems] Discovering subsystems at path C:/Program Files/Unity/Hub/Editor/2021.3.21f1/Editor/Data/Resources/UnitySubsystems
[Subsystems] Discovering subsystems at path C:/Users/Luciano_Flores/AR_Tarjeta/Assets
GfxDevice: creating device client; threaded=0; jobified=0
Direct3D:
    Version:  Direct3D 11.0 [level 11.1]
    Renderer: Intel(R) Iris(R) Xe Graphics (ID=0x9a49)
    Vendor:   Intel
    VRAM:     8063 MB
    Driver:   31.0.101.4502
Initialize mono
Mono path[0] = 'C:/Program Files/Unity/Hub/Editor/2021.3.21f1/Editor/Data/Managed'
Mono path[1] = 'C:/Program Files/Unity/Hub/Editor/2021.3.21f1/Editor/Data/MonoBleedingEdge/lib/mono/unityjit-win32'
Mono config path = 'C:/Program Files/Unity/Hub/Editor/2021.3.21f1/Editor/Data/MonoBleedingEdge/etc'
Using monoOptions --debugger-agent=transport=dt_socket,embedding=1,server=y,suspend=n,address=127.0.0.1:56024
Begin MonoManager ReloadAssembly
Registering precompiled unity dll's ...
Register platform support module: C:/Program Files/Unity/Hub/Editor/2021.3.21f1/Editor/Data/PlaybackEngines/WebGLSupport/UnityEditor.WebGL.Extensions.dll
Register platform support module: C:/Program Files/Unity/Hub/Editor/2021.3.21f1/Editor/Data/PlaybackEngines/AndroidPlayer/UnityEditor.Android.Extensions.dll
Register platform support module: C:/Program Files/Unity/Hub/Editor/2021.3.21f1/Editor/Data/PlaybackEngines/WindowsStandaloneSupport/UnityEditor.WindowsStandalone.Extensions.dll
Registered in 0.003417 seconds.
Native extension for WindowsStandalone target not found
Native extension for Android target not found
Android Extension - Scanning For ADB Devices 1752 ms
Native extension for WebGL target not found
Refreshing native plugins compatible for Editor in 85.93 ms, found 3 plugins.
Preloading 0 native plugins for Editor in 0.00 ms.
Mono: successfully reloaded assembly
- Completed reload, in  2.312 seconds
Domain Reload Profiling:
	ReloadAssembly (2313ms)
		BeginReloadAssembly (68ms)
			ExecutionOrderSort (0ms)
			DisableScriptedObjects (0ms)
			BackupInstance (0ms)
			ReleaseScriptingObjects (0ms)
			CreateAndSetChildDomain (1ms)
		EndReloadAssembly (2162ms)
			LoadAssemblies (67ms)
			RebuildTransferFunctionScriptingTraits (0ms)
			SetupTypeCache (94ms)
			ReleaseScriptCaches (0ms)
			RebuildScriptCaches (23ms)
			SetupLoadedEditorAssemblies (2004ms)
				LogAssemblyErrors (0ms)
				InitializePlatformSupportModulesInManaged (1807ms)
				SetLoadedEditorAssemblies (0ms)
				RefreshPlugins (86ms)
				BeforeProcessingInitializeOnLoad (1ms)
				ProcessInitializeOnLoadAttributes (74ms)
				ProcessInitializeOnLoadMethodAttributes (36ms)
				AfterProcessingInitializeOnLoad (0ms)
				EditorAssembliesLoaded (0ms)
			ExecutionOrderSort2 (0ms)
			AwakeInstancesAfterBackupRestoration (0ms)
Platform modules already initialized, skipping
Registering precompiled user dll's ...
Registered in 0.003542 seconds.
Begin MonoManager ReloadAssembly
Symbol file LoadedFromMemory doesn't match image C:\Users\Luciano_Flores\AR_Tarjeta\Library\PackageCache\com.unity.visualscripting@1.8.0\Editor\VisualScripting.Core\Dependencies\YamlDotNet\Unity.VisualScripting.YamlDotNet.dll
Symbol file LoadedFromMemory doesn't match image C:\Users\Luciano_Flores\AR_Tarjeta\Library\PackageCache\com.unity.visualscripting@1.8.0\Editor\VisualScripting.Core\Dependencies\DotNetZip\Unity.VisualScripting.IonicZip.dll
Native extension for WindowsStandalone target not found
Native extension for Android target not found
Native extension for WebGL target not found
Refreshing native plugins compatible for Editor in 91.47 ms, found 3 plugins.
Preloading 0 native plugins for Editor in 0.00 ms.
Package Manager log level set to [2]
Mono: successfully reloaded assembly
- Completed reload, in  1.095 seconds
Domain Reload Profiling:
	ReloadAssembly (1095ms)
		BeginReloadAssembly (100ms)
			ExecutionOrderSort (0ms)
			DisableScriptedObjects (5ms)
			BackupInstance (0ms)
			ReleaseScriptingObjects (0ms)
			CreateAndSetChildDomain (20ms)
		EndReloadAssembly (910ms)
			LoadAssemblies (76ms)
			RebuildTransferFunctionScriptingTraits (0ms)
			SetupTypeCache (279ms)
			ReleaseScriptCaches (1ms)
			RebuildScriptCaches (52ms)
			SetupLoadedEditorAssemblies (456ms)
				LogAssemblyErrors (0ms)
				InitializePlatformSupportModulesInManaged (14ms)
				SetLoadedEditorAssemblies (0ms)
				RefreshPlugins (92ms)
				BeforeProcessingInitializeOnLoad (88ms)
				ProcessInitializeOnLoadAttributes (195ms)
				ProcessInitializeOnLoadMethodAttributes (64ms)
				AfterProcessingInitializeOnLoad (4ms)
				EditorAssembliesLoaded (0ms)
			ExecutionOrderSort2 (0ms)
			AwakeInstancesAfterBackupRestoration (5ms)
Platform modules already initialized, skipping
========================================================================
Worker process is ready to serve import requests
Launched and connected shader compiler UnityShaderCompiler.exe after 0.04 seconds
Refreshing native plugins compatible for Editor in 0.78 ms, found 3 plugins.
Preloading 0 native plugins for Editor in 0.00 ms.
Unloading 5085 Unused Serialized files (Serialized files now loaded: 0)
Unloading 31 unused Assets / (400.5 KB). Loaded Objects now: 5567.
Memory consumption went from 221.4 MB to 221.0 MB.
Total: 3.720800 ms (FindLiveObjects: 0.404400 ms CreateObjectMapping: 0.222400 ms MarkObjects: 2.855400 ms  DeleteObjects: 0.237200 ms)

AssetImportParameters requested are different than current active one (requested -> active):
  custom:video-decoder-ogg-theora: a1e56fd34408186e4bbccfd4996cb3dc -> 
  custom:container-muxer-webm: aa71ff27fc2769a1b78a27578f13a17b -> 
  custom:container-demuxer-webm: 4f35f7cbe854078d1ac9338744f61a02 -> 
  custom:video-encoder-webm-vp8: eb34c28f22e8b96e1ab97ce403110664 -> 
  custom:video-codec-MediaFoundation-h265: 746d11721c4dcdbdad8f713fa42b33f4 -> 
  custom:audio-encoder-webm-vorbis: bf7c407c2cedff20999df2af8eb42d56 -> 
  custom:framework-win-MediaFoundation: 216162199b28c13a410421893ffa2e32 -> 
  custom:container-demuxer-ogg: 62fdf1f143b41e24485cea50d1cbac27 -> 
  custom:video-decoder-webm-vp8: 9c59270c3fd7afecdb556c50c9e8de78 -> 
  custom:audio-decoder-ogg-vorbis: bf7c407c2cedff20999df2af8eb42d56 -> 
========================================================================
Received Import Request.
  Time since last request: 140995.656099 seconds.
  path: Assets/Prefab/PruebtextoEpi 1.prefab
  artifactKey: Guid(1245a1e8b10eefc42abf070489c87df4) Importer(815301076,1909f56bfc062723c751e8b465ee728b)
Start importing Assets/Prefab/PruebtextoEpi 1.prefab using Guid(1245a1e8b10eefc42abf070489c87df4) Importer(815301076,1909f56bfc062723c751e8b465ee728b)  -> (artifact id: '4817e8cb7e304b6a54f1baceda785b50') in 0.346666 seconds 
========================================================================
Received Import Request.
  Time since last request: 8089.541804 seconds.
  path: Assets/Fonts
  artifactKey: Guid(83e4638e4b4978645ac8a1b91731672e) Importer(815301076,1909f56bfc062723c751e8b465ee728b)
Start importing Assets/Fonts using Guid(83e4638e4b4978645ac8a1b91731672e) Importer(815301076,1909f56bfc062723c751e8b465ee728b)  -> (artifact id: 'c51f04f79fa203f8172032067d23921d') in 0.015148 seconds 
========================================================================
Received Import Request.
  Time since last request: 43.778135 seconds.
  path: Assets/Fonts/Ubuntu (1).zip
  artifactKey: Guid(4f39f2def6e1c1b48bc6514111808ba0) Importer(815301076,1909f56bfc062723c751e8b465ee728b)
Start importing Assets/Fonts/Ubuntu (1).zip using Guid(4f39f2def6e1c1b48bc6514111808ba0) Importer(815301076,1909f56bfc062723c751e8b465ee728b)  -> (artifact id: 'f8859ea62a47e531e4272ab4267cf253') in 0.044481 seconds 
========================================================================
Received Import Request.
  Time since last request: 68.016865 seconds.
  path: Assets/Fonts/Ubuntu-Regular.ttf
  artifactKey: Guid(d3b2b7736dfcbee499f8f8b25ff5d3e2) Importer(815301076,1909f56bfc062723c751e8b465ee728b)
Start importing Assets/Fonts/Ubuntu-Regular.ttf using Guid(d3b2b7736dfcbee499f8f8b25ff5d3e2) Importer(815301076,1909f56bfc062723c751e8b465ee728b)  -> (artifact id: 'd4beb30de40a8c49a1d847f04957d279') in 0.172920 seconds 
========================================================================
Received Import Request.
  Time since last request: 33.383231 seconds.
  path: Assets/Fonts/Ubuntu-Regular SDF.asset
  artifactKey: Guid(f58857617f1a2464dba47a373404a7d9) Importer(815301076,1909f56bfc062723c751e8b465ee728b)
Start importing Assets/Fonts/Ubuntu-Regular SDF.asset using Guid(f58857617f1a2464dba47a373404a7d9) Importer(815301076,1909f56bfc062723c751e8b465ee728b)  -> (artifact id: 'b4be52a8953a37449b30ae95b0cfe913') in 0.097507 seconds 
========================================================================
Received Import Request.
  Time since last request: 931.399862 seconds.
  path: Assets/Editor/Colores EPI Proyecto.colors
  artifactKey: Guid(bd3b195586a005e418506e22236a552b) Importer(815301076,1909f56bfc062723c751e8b465ee728b)
Start importing Assets/Editor/Colores EPI Proyecto.colors using Guid(bd3b195586a005e418506e22236a552b) Importer(815301076,1909f56bfc062723c751e8b465ee728b)  -> (artifact id: 'e89f98fa3d5c034327658b17a3e96f2a') in 0.015985 seconds 
========================================================================
Received Import Request.
  Time since last request: 36.486594 seconds.
  path: Assets/Editor/Colores EPI Proyecto.colors
  artifactKey: Guid(bd3b195586a005e418506e22236a552b) Importer(815301076,1909f56bfc062723c751e8b465ee728b)
Start importing Assets/Editor/Colores EPI Proyecto.colors using Guid(bd3b195586a005e418506e22236a552b) Importer(815301076,1909f56bfc062723c751e8b465ee728b)  -> (artifact id: 'cdc12582fbacab525504985b105cbfd6') in 0.003295 seconds 
========================================================================
Received Import Request.
  Time since last request: 12.884202 seconds.
  path: Assets/Editor/Colores EPI Proyecto.colors
  artifactKey: Guid(bd3b195586a005e418506e22236a552b) Importer(815301076,1909f56bfc062723c751e8b465ee728b)
Start importing Assets/Editor/Colores EPI Proyecto.colors using Guid(bd3b195586a005e418506e22236a552b) Importer(815301076,1909f56bfc062723c751e8b465ee728b)  -> (artifact id: 'ecec1868183f0abdb8629f6ffaf5654e') in 0.003277 seconds 
========================================================================
Received Import Request.
  Time since last request: 10.910273 seconds.
  path: Assets/Editor/Colores EPI Proyecto.colors
  artifactKey: Guid(bd3b195586a005e418506e22236a552b) Importer(815301076,1909f56bfc062723c751e8b465ee728b)
Start importing Assets/Editor/Colores EPI Proyecto.colors using Guid(bd3b195586a005e418506e22236a552b) Importer(815301076,1909f56bfc062723c751e8b465ee728b)  -> (artifact id: '79dcb55af7a81affe5905157d1364fbf') in 0.003158 seconds 
========================================================================
Received Import Request.
  Time since last request: 8.569447 seconds.
  path: Assets/Editor/Colores EPI Proyecto.colors
  artifactKey: Guid(bd3b195586a005e418506e22236a552b) Importer(815301076,1909f56bfc062723c751e8b465ee728b)
Start importing Assets/Editor/Colores EPI Proyecto.colors using Guid(bd3b195586a005e418506e22236a552b) Importer(815301076,1909f56bfc062723c751e8b465ee728b)  -> (artifact id: '015c9de7db692e88fb1a10ce1c0dc8fa') in 0.003134 seconds 
========================================================================
Received Import Request.
  Time since last request: 11.582227 seconds.
  path: Assets/Editor/Colores EPI Proyecto.colors
  artifactKey: Guid(bd3b195586a005e418506e22236a552b) Importer(815301076,1909f56bfc062723c751e8b465ee728b)
Start importing Assets/Editor/Colores EPI Proyecto.colors using Guid(bd3b195586a005e418506e22236a552b) Importer(815301076,1909f56bfc062723c751e8b465ee728b)  -> (artifact id: 'b50a4a31f8e6ab78f0a81766c1d7d859') in 0.002724 seconds 
========================================================================
Received Import Request.
  Time since last request: 22.989211 seconds.
  path: Assets/Editor/Colores EPI Proyecto.colors
  artifactKey: Guid(bd3b195586a005e418506e22236a552b) Importer(815301076,1909f56bfc062723c751e8b465ee728b)
Start importing Assets/Editor/Colores EPI Proyecto.colors using Guid(bd3b195586a005e418506e22236a552b) Importer(815301076,1909f56bfc062723c751e8b465ee728b)  -> (artifact id: 'e9f3d44a4d13b830c1d871454c6f14dc') in 0.002777 seconds 
========================================================================
Received Import Request.
  Time since last request: 9.988989 seconds.
  path: Assets/Editor/Colores EPI Proyecto.colors
  artifactKey: Guid(bd3b195586a005e418506e22236a552b) Importer(815301076,1909f56bfc062723c751e8b465ee728b)
Start importing Assets/Editor/Colores EPI Proyecto.colors using Guid(bd3b195586a005e418506e22236a552b) Importer(815301076,1909f56bfc062723c751e8b465ee728b)  -> (artifact id: '15e1b847166f68fd0c70e32883c89797') in 0.002909 seconds 
========================================================================
Received Import Request.
  Time since last request: 24.865737 seconds.
  path: Assets/Editor/Colores EPI Proyecto.colors
  artifactKey: Guid(bd3b195586a005e418506e22236a552b) Importer(815301076,1909f56bfc062723c751e8b465ee728b)
Start importing Assets/Editor/Colores EPI Proyecto.colors using Guid(bd3b195586a005e418506e22236a552b) Importer(815301076,1909f56bfc062723c751e8b465ee728b)  -> (artifact id: '1681797e4f6d8aa58d3ebad8767742bb') in 0.003572 seconds 
========================================================================
Received Import Request.
  Time since last request: 1233.023792 seconds.
  path: Assets/Iconos/image_clipdrop-background-removal (1).png
  artifactKey: Guid(8fecfe151f6f33440a0591d5ff59daf9) Importer(815301076,1909f56bfc062723c751e8b465ee728b)
Start importing Assets/Iconos/image_clipdrop-background-removal (1).png using Guid(8fecfe151f6f33440a0591d5ff59daf9) Importer(815301076,1909f56bfc062723c751e8b465ee728b)  -> (artifact id: 'a0ca5433e1d313e1b9b5422a45c472f1') in 0.051999 seconds 
========================================================================
Received Import Request.
  Time since last request: 6.964936 seconds.
  path: Assets/Iconos/image_clipdrop-background-removal (1).png
  artifactKey: Guid(8fecfe151f6f33440a0591d5ff59daf9) Importer(815301076,1909f56bfc062723c751e8b465ee728b)
Start importing Assets/Iconos/image_clipdrop-background-removal (1).png using Guid(8fecfe151f6f33440a0591d5ff59daf9) Importer(815301076,1909f56bfc062723c751e8b465ee728b)  -> (artifact id: 'b29fadd1ecf0800bfd1ba6a2cea54551') in 0.075802 seconds 
========================================================================
Received Import Request.
  Time since last request: 47.862313 seconds.
  path: Assets/Iconos/BotonEpi.png
  artifactKey: Guid(8fecfe151f6f33440a0591d5ff59daf9) Importer(815301076,1909f56bfc062723c751e8b465ee728b)
Start importing Assets/Iconos/BotonEpi.png using Guid(8fecfe151f6f33440a0591d5ff59daf9) Importer(815301076,1909f56bfc062723c751e8b465ee728b)  -> (artifact id: '39805ea60c7361396a8ac9ec90867038') in 0.022905 seconds 
========================================================================
Received Import Request.
  Time since last request: 616.597285 seconds.
  path: Assets/Iconos/boton-de-informacion.png
  artifactKey: Guid(6a62d186d073ea747a9dc3f11bba6445) Importer(815301076,1909f56bfc062723c751e8b465ee728b)
Start importing Assets/Iconos/boton-de-informacion.png using Guid(6a62d186d073ea747a9dc3f11bba6445) Importer(815301076,1909f56bfc062723c751e8b465ee728b)  -> (artifact id: '7e9d6a59968d4a99f0c261baedfaf0cb') in 0.026363 seconds 
========================================================================
Received Import Request.
  Time since last request: 8.207660 seconds.
  path: Assets/Iconos/boton-de-informacion.png
  artifactKey: Guid(6a62d186d073ea747a9dc3f11bba6445) Importer(815301076,1909f56bfc062723c751e8b465ee728b)
Start importing Assets/Iconos/boton-de-informacion.png using Guid(6a62d186d073ea747a9dc3f11bba6445) Importer(815301076,1909f56bfc062723c751e8b465ee728b)  -> (artifact id: '9b15e1181cb61cec62b37dab3e4a9023') in 0.090740 seconds 
========================================================================
Received Import Request.
  Time since last request: 82.273615 seconds.
  path: Assets/TextMesh Pro/Fonts/LiberationSans.ttf
  artifactKey: Guid(e3265ab4bf004d28a9537516768c1c75) Importer(815301076,1909f56bfc062723c751e8b465ee728b)
Start importing Assets/TextMesh Pro/Fonts/LiberationSans.ttf using Guid(e3265ab4bf004d28a9537516768c1c75) Importer(815301076,1909f56bfc062723c751e8b465ee728b)  -> (artifact id: 'e55ffaa566379bc874d873ca8aefadfd') in 0.116807 seconds 
========================================================================
Received Import Request.
  Time since last request: 10.567501 seconds.
  path: Assets/TextMesh Pro/Fonts/Font Material.mat
  artifactKey: Guid(6f3341c54612a88498469457f1e35a71) Importer(815301076,1909f56bfc062723c751e8b465ee728b)
Start importing Assets/TextMesh Pro/Fonts/Font Material.mat using Guid(6f3341c54612a88498469457f1e35a71) Importer(815301076,1909f56bfc062723c751e8b465ee728b)  -> (artifact id: 'c4cec20670660d965a1827ce2e8ebf29') in 0.025512 seconds 
========================================================================
Received Import Request.
  Time since last request: 22.006998 seconds.
  path: Assets/TextMesh Pro/Fonts/InfoMaterial.mat
  artifactKey: Guid(6f3341c54612a88498469457f1e35a71) Importer(815301076,1909f56bfc062723c751e8b465ee728b)
Start importing Assets/TextMesh Pro/Fonts/InfoMaterial.mat using Guid(6f3341c54612a88498469457f1e35a71) Importer(815301076,1909f56bfc062723c751e8b465ee728b)  -> (artifact id: 'b1d9966da79d339a54d7363023185f31') in 0.020182 seconds 
========================================================================
Received Prepare
Refreshing native plugins compatible for Editor in 4.98 ms, found 3 plugins.
Preloading 0 native plugins for Editor in 0.00 ms.
Unloading 24 Unused Serialized files (Serialized files now loaded: 0)
Unloading 23 unused Assets / (374.7 KB). Loaded Objects now: 5710.
Memory consumption went from 119.0 MB to 118.6 MB.
Total: 50.244700 ms (FindLiveObjects: 0.705500 ms CreateObjectMapping: 0.532800 ms MarkObjects: 48.684800 ms  DeleteObjects: 0.319000 ms)

AssetImportParameters requested are different than current active one (requested -> active):
  custom:video-decoder-ogg-theora: a1e56fd34408186e4bbccfd4996cb3dc -> 
  custom:container-muxer-webm: aa71ff27fc2769a1b78a27578f13a17b -> 
  custom:container-demuxer-webm: 4f35f7cbe854078d1ac9338744f61a02 -> 
  custom:video-encoder-webm-vp8: eb34c28f22e8b96e1ab97ce403110664 -> 
  custom:video-codec-MediaFoundation-h265: 746d11721c4dcdbdad8f713fa42b33f4 -> 
  custom:audio-encoder-webm-vorbis: bf7c407c2cedff20999df2af8eb42d56 -> 
  custom:framework-win-MediaFoundation: 216162199b28c13a410421893ffa2e32 -> 
  custom:container-demuxer-ogg: 62fdf1f143b41e24485cea50d1cbac27 -> 
  custom:video-decoder-webm-vp8: 9c59270c3fd7afecdb556c50c9e8de78 -> 
  custom:audio-decoder-ogg-vorbis: bf7c407c2cedff20999df2af8eb42d56 -> 
========================================================================
Received Import Request.
  Time since last request: 5991.727235 seconds.
  path: Assets/TextMesh Pro/Fonts/InfoMaterial.mat
  artifactKey: Guid(6f3341c54612a88498469457f1e35a71) Importer(815301076,1909f56bfc062723c751e8b465ee728b)
Start importing Assets/TextMesh Pro/Fonts/InfoMaterial.mat using Guid(6f3341c54612a88498469457f1e35a71) Importer(815301076,1909f56bfc062723c751e8b465ee728b)  -> (artifact id: '8b15f3bebfd0aa7f2df5663aea2ac872') in 0.022926 seconds 
========================================================================
Received Import Request.
  Time since last request: 334.771695 seconds.
  path: Assets/Scripts/SalirApp.cs
  artifactKey: Guid(6db123888878df540a3b2ee0e6ecfa42) Importer(815301076,1909f56bfc062723c751e8b465ee728b)
Start importing Assets/Scripts/SalirApp.cs using Guid(6db123888878df540a3b2ee0e6ecfa42) Importer(815301076,1909f56bfc062723c751e8b465ee728b)  -> (artifact id: 'ead8c2dad056561a9236f34172808e9f') in 0.029876 seconds 
========================================================================
Received Prepare
Registering precompiled user dll's ...
Registered in 0.008296 seconds.
Begin MonoManager ReloadAssembly
Symbol file LoadedFromMemory doesn't match image C:\Users\Luciano_Flores\AR_Tarjeta\Library\PackageCache\com.unity.visualscripting@1.8.0\Editor\VisualScripting.Core\Dependencies\YamlDotNet\Unity.VisualScripting.YamlDotNet.dll
Symbol file LoadedFromMemory doesn't match image C:\Users\Luciano_Flores\AR_Tarjeta\Library\PackageCache\com.unity.visualscripting@1.8.0\Editor\VisualScripting.Core\Dependencies\DotNetZip\Unity.VisualScripting.IonicZip.dll
Native extension for WindowsStandalone target not found
Native extension for Android target not found
Native extension for WebGL target not found
Refreshing native plugins compatible for Editor in 0.90 ms, found 3 plugins.
Preloading 0 native plugins for Editor in 0.00 ms.
Mono: successfully reloaded assembly
- Completed reload, in  1.866 seconds
Domain Reload Profiling:
	ReloadAssembly (1867ms)
		BeginReloadAssembly (418ms)
			ExecutionOrderSort (0ms)
			DisableScriptedObjects (24ms)
			BackupInstance (0ms)
			ReleaseScriptingObjects (0ms)
			CreateAndSetChildDomain (123ms)
		EndReloadAssembly (1324ms)
			LoadAssemblies (266ms)
			RebuildTransferFunctionScriptingTraits (0ms)
			SetupTypeCache (511ms)
			ReleaseScriptCaches (4ms)
			RebuildScriptCaches (79ms)
			SetupLoadedEditorAssemblies (426ms)
				LogAssemblyErrors (0ms)
				InitializePlatformSupportModulesInManaged (22ms)
				SetLoadedEditorAssemblies (1ms)
				RefreshPlugins (1ms)
				BeforeProcessingInitializeOnLoad (88ms)
				ProcessInitializeOnLoadAttributes (234ms)
				ProcessInitializeOnLoadMethodAttributes (76ms)
				AfterProcessingInitializeOnLoad (4ms)
				EditorAssembliesLoaded (0ms)
			ExecutionOrderSort2 (0ms)
			AwakeInstancesAfterBackupRestoration (25ms)
Platform modules already initialized, skipping
Refreshing native plugins compatible for Editor in 1.97 ms, found 3 plugins.
Preloading 0 native plugins for Editor in 0.00 ms.
Unloading 4951 Unused Serialized files (Serialized files now loaded: 0)
Unloading 23 unused Assets / (385.2 KB). Loaded Objects now: 5679.
Memory consumption went from 218.5 MB to 218.1 MB.
Total: 4.916700 ms (FindLiveObjects: 0.399900 ms CreateObjectMapping: 0.215000 ms MarkObjects: 3.902200 ms  DeleteObjects: 0.397800 ms)

AssetImportParameters requested are different than current active one (requested -> active):
  custom:video-decoder-ogg-theora: a1e56fd34408186e4bbccfd4996cb3dc -> 
  custom:container-muxer-webm: aa71ff27fc2769a1b78a27578f13a17b -> 
  custom:container-demuxer-webm: 4f35f7cbe854078d1ac9338744f61a02 -> 
  custom:video-encoder-webm-vp8: eb34c28f22e8b96e1ab97ce403110664 -> 
  custom:video-codec-MediaFoundation-h265: 746d11721c4dcdbdad8f713fa42b33f4 -> 
  custom:audio-encoder-webm-vorbis: bf7c407c2cedff20999df2af8eb42d56 -> 
  custom:framework-win-MediaFoundation: 216162199b28c13a410421893ffa2e32 -> 
  custom:container-demuxer-ogg: 62fdf1f143b41e24485cea50d1cbac27 -> 
  custom:video-decoder-webm-vp8: 9c59270c3fd7afecdb556c50c9e8de78 -> 
  custom:audio-decoder-ogg-vorbis: bf7c407c2cedff20999df2af8eb42d56 -> 
========================================================================
Received Import Request.
  Time since last request: 75.328805 seconds.
  path: Assets/Scripts/SalirApp.cs
  artifactKey: Guid(6db123888878df540a3b2ee0e6ecfa42) Importer(815301076,1909f56bfc062723c751e8b465ee728b)
Start importing Assets/Scripts/SalirApp.cs using Guid(6db123888878df540a3b2ee0e6ecfa42) Importer(815301076,1909f56bfc062723c751e8b465ee728b)  -> (artifact id: '66a98986024e84e3e7ace310cf7cca3c') in 0.025053 seconds 
========================================================================
Received Prepare
Registering precompiled user dll's ...
Registered in 0.014882 seconds.
Begin MonoManager ReloadAssembly
Symbol file LoadedFromMemory doesn't match image C:\Users\Luciano_Flores\AR_Tarjeta\Library\PackageCache\com.unity.visualscripting@1.8.0\Editor\VisualScripting.Core\Dependencies\YamlDotNet\Unity.VisualScripting.YamlDotNet.dll
Symbol file LoadedFromMemory doesn't match image C:\Users\Luciano_Flores\AR_Tarjeta\Library\PackageCache\com.unity.visualscripting@1.8.0\Editor\VisualScripting.Core\Dependencies\DotNetZip\Unity.VisualScripting.IonicZip.dll
Native extension for WindowsStandalone target not found
Native extension for Android target not found
Native extension for WebGL target not found
Refreshing native plugins compatible for Editor in 0.81 ms, found 3 plugins.
Preloading 0 native plugins for Editor in 0.00 ms.
Mono: successfully reloaded assembly
- Completed reload, in  1.385 seconds
Domain Reload Profiling:
	ReloadAssembly (1386ms)
		BeginReloadAssembly (176ms)
			ExecutionOrderSort (0ms)
			DisableScriptedObjects (6ms)
			BackupInstance (0ms)
			ReleaseScriptingObjects (0ms)
			CreateAndSetChildDomain (51ms)
		EndReloadAssembly (1042ms)
			LoadAssemblies (114ms)
			RebuildTransferFunctionScriptingTraits (0ms)
			SetupTypeCache (343ms)
			ReleaseScriptCaches (3ms)
			RebuildScriptCaches (56ms)
			SetupLoadedEditorAssemblies (440ms)
				LogAssemblyErrors (0ms)
				InitializePlatformSupportModulesInManaged (19ms)
				SetLoadedEditorAssemblies (0ms)
				RefreshPlugins (1ms)
				BeforeProcessingInitializeOnLoad (89ms)
				ProcessInitializeOnLoadAttributes (242ms)
				ProcessInitializeOnLoadMethodAttributes (85ms)
				AfterProcessingInitializeOnLoad (4ms)
				EditorAssembliesLoaded (0ms)
			ExecutionOrderSort2 (0ms)
			AwakeInstancesAfterBackupRestoration (22ms)
Platform modules already initialized, skipping
Refreshing native plugins compatible for Editor in 1.84 ms, found 3 plugins.
Preloading 0 native plugins for Editor in 0.00 ms.
Unloading 4951 Unused Serialized files (Serialized files now loaded: 0)
Unloading 23 unused Assets / (377.5 KB). Loaded Objects now: 5683.
Memory consumption went from 218.4 MB to 218.0 MB.
Total: 4.906300 ms (FindLiveObjects: 0.580100 ms CreateObjectMapping: 0.535200 ms MarkObjects: 3.418400 ms  DeleteObjects: 0.370600 ms)

AssetImportParameters requested are different than current active one (requested -> active):
  custom:video-decoder-ogg-theora: a1e56fd34408186e4bbccfd4996cb3dc -> 
  custom:container-muxer-webm: aa71ff27fc2769a1b78a27578f13a17b -> 
  custom:container-demuxer-webm: 4f35f7cbe854078d1ac9338744f61a02 -> 
  custom:video-encoder-webm-vp8: eb34c28f22e8b96e1ab97ce403110664 -> 
  custom:video-codec-MediaFoundation-h265: 746d11721c4dcdbdad8f713fa42b33f4 -> 
  custom:audio-encoder-webm-vorbis: bf7c407c2cedff20999df2af8eb42d56 -> 
  custom:framework-win-MediaFoundation: 216162199b28c13a410421893ffa2e32 -> 
  custom:container-demuxer-ogg: 62fdf1f143b41e24485cea50d1cbac27 -> 
  custom:video-decoder-webm-vp8: 9c59270c3fd7afecdb556c50c9e8de78 -> 
  custom:audio-decoder-ogg-vorbis: bf7c407c2cedff20999df2af8eb42d56 -> 
========================================================================
Received Import Request.
  Time since last request: 190.784179 seconds.
  path: Assets/Scripts/SalirApp.cs
  artifactKey: Guid(6db123888878df540a3b2ee0e6ecfa42) Importer(815301076,1909f56bfc062723c751e8b465ee728b)
Start importing Assets/Scripts/SalirApp.cs using Guid(6db123888878df540a3b2ee0e6ecfa42) Importer(815301076,1909f56bfc062723c751e8b465ee728b)  -> (artifact id: 'a47fae78c854ab74dd77d9f544e81b4f') in 0.026814 seconds 
========================================================================
Received Prepare
Registering precompiled user dll's ...
Registered in 0.006648 seconds.
Begin MonoManager ReloadAssembly
Symbol file LoadedFromMemory doesn't match image C:\Users\Luciano_Flores\AR_Tarjeta\Library\PackageCache\com.unity.visualscripting@1.8.0\Editor\VisualScripting.Core\Dependencies\YamlDotNet\Unity.VisualScripting.YamlDotNet.dll
Symbol file LoadedFromMemory doesn't match image C:\Users\Luciano_Flores\AR_Tarjeta\Library\PackageCache\com.unity.visualscripting@1.8.0\Editor\VisualScripting.Core\Dependencies\DotNetZip\Unity.VisualScripting.IonicZip.dll
Native extension for WindowsStandalone target not found
Native extension for Android target not found
Native extension for WebGL target not found
Refreshing native plugins compatible for Editor in 1.21 ms, found 3 plugins.
Preloading 0 native plugins for Editor in 0.00 ms.
Mono: successfully reloaded assembly
- Completed reload, in  1.736 seconds
Domain Reload Profiling:
	ReloadAssembly (1736ms)
		BeginReloadAssembly (182ms)
			ExecutionOrderSort (0ms)
			DisableScriptedObjects (7ms)
			BackupInstance (0ms)
			ReleaseScriptingObjects (0ms)
			CreateAndSetChildDomain (52ms)
		EndReloadAssembly (1403ms)
			LoadAssemblies (180ms)
			RebuildTransferFunctionScriptingTraits (0ms)
			SetupTypeCache (682ms)
			ReleaseScriptCaches (2ms)
			RebuildScriptCaches (51ms)
			SetupLoadedEditorAssemblies (421ms)
				LogAssemblyErrors (0ms)
				InitializePlatformSupportModulesInManaged (24ms)
				SetLoadedEditorAssemblies (0ms)
				RefreshPlugins (1ms)
				BeforeProcessingInitializeOnLoad (90ms)
				ProcessInitializeOnLoadAttributes (223ms)
				ProcessInitializeOnLoadMethodAttributes (78ms)
				AfterProcessingInitializeOnLoad (4ms)
				EditorAssembliesLoaded (0ms)
			ExecutionOrderSort2 (0ms)
			AwakeInstancesAfterBackupRestoration (17ms)
Platform modules already initialized, skipping
Refreshing native plugins compatible for Editor in 3.42 ms, found 3 plugins.
Preloading 0 native plugins for Editor in 0.00 ms.
Unloading 4951 Unused Serialized files (Serialized files now loaded: 0)
Unloading 23 unused Assets / (377.4 KB). Loaded Objects now: 5687.
Memory consumption went from 218.4 MB to 218.0 MB.
Total: 3.785200 ms (FindLiveObjects: 0.422000 ms CreateObjectMapping: 0.350000 ms MarkObjects: 2.670200 ms  DeleteObjects: 0.341100 ms)

AssetImportParameters requested are different than current active one (requested -> active):
  custom:video-decoder-ogg-theora: a1e56fd34408186e4bbccfd4996cb3dc -> 
  custom:container-muxer-webm: aa71ff27fc2769a1b78a27578f13a17b -> 
  custom:container-demuxer-webm: 4f35f7cbe854078d1ac9338744f61a02 -> 
  custom:video-encoder-webm-vp8: eb34c28f22e8b96e1ab97ce403110664 -> 
  custom:video-codec-MediaFoundation-h265: 746d11721c4dcdbdad8f713fa42b33f4 -> 
  custom:audio-encoder-webm-vorbis: bf7c407c2cedff20999df2af8eb42d56 -> 
  custom:framework-win-MediaFoundation: 216162199b28c13a410421893ffa2e32 -> 
  custom:container-demuxer-ogg: 62fdf1f143b41e24485cea50d1cbac27 -> 
  custom:video-decoder-webm-vp8: 9c59270c3fd7afecdb556c50c9e8de78 -> 
  custom:audio-decoder-ogg-vorbis: bf7c407c2cedff20999df2af8eb42d56 -> 
========================================================================
Received Import Request.
  Time since last request: 147.629224 seconds.
  path: Assets/Scripts/SalirApp.cs
  artifactKey: Guid(6db123888878df540a3b2ee0e6ecfa42) Importer(815301076,1909f56bfc062723c751e8b465ee728b)
Start importing Assets/Scripts/SalirApp.cs using Guid(6db123888878df540a3b2ee0e6ecfa42) Importer(815301076,1909f56bfc062723c751e8b465ee728b)  -> (artifact id: '4a37049cf3629d14771b51be67f498db') in 0.015592 seconds 
========================================================================
Received Prepare
Registering precompiled user dll's ...
Registered in 0.005455 seconds.
Begin MonoManager ReloadAssembly
Symbol file LoadedFromMemory doesn't match image C:\Users\Luciano_Flores\AR_Tarjeta\Library\PackageCache\com.unity.visualscripting@1.8.0\Editor\VisualScripting.Core\Dependencies\YamlDotNet\Unity.VisualScripting.YamlDotNet.dll
Symbol file LoadedFromMemory doesn't match image C:\Users\Luciano_Flores\AR_Tarjeta\Library\PackageCache\com.unity.visualscripting@1.8.0\Editor\VisualScripting.Core\Dependencies\DotNetZip\Unity.VisualScripting.IonicZip.dll
Native extension for WindowsStandalone target not found
Native extension for Android target not found
Native extension for WebGL target not found
Refreshing native plugins compatible for Editor in 1.20 ms, found 3 plugins.
Preloading 0 native plugins for Editor in 0.00 ms.
Mono: successfully reloaded assembly
- Completed reload, in  1.158 seconds
Domain Reload Profiling:
	ReloadAssembly (1159ms)
		BeginReloadAssembly (148ms)
			ExecutionOrderSort (0ms)
			DisableScriptedObjects (4ms)
			BackupInstance (0ms)
			ReleaseScriptingObjects (0ms)
			CreateAndSetChildDomain (38ms)
		EndReloadAssembly (901ms)
			LoadAssemblies (108ms)
			RebuildTransferFunctionScriptingTraits (0ms)
			SetupTypeCache (326ms)
			ReleaseScriptCaches (2ms)
			RebuildScriptCaches (41ms)
			SetupLoadedEditorAssemblies (353ms)
				LogAssemblyErrors (0ms)
				InitializePlatformSupportModulesInManaged (23ms)
				SetLoadedEditorAssemblies (1ms)
				RefreshPlugins (1ms)
				BeforeProcessingInitializeOnLoad (72ms)
				ProcessInitializeOnLoadAttributes (182ms)
				ProcessInitializeOnLoadMethodAttributes (70ms)
				AfterProcessingInitializeOnLoad (4ms)
				EditorAssembliesLoaded (0ms)
			ExecutionOrderSort2 (0ms)
			AwakeInstancesAfterBackupRestoration (16ms)
Platform modules already initialized, skipping
Refreshing native plugins compatible for Editor in 2.67 ms, found 3 plugins.
Preloading 0 native plugins for Editor in 0.00 ms.
Unloading 4951 Unused Serialized files (Serialized files now loaded: 0)
Unloading 23 unused Assets / (384.0 KB). Loaded Objects now: 5691.
Memory consumption went from 218.5 MB to 218.1 MB.
Total: 4.224100 ms (FindLiveObjects: 0.454700 ms CreateObjectMapping: 0.399300 ms MarkObjects: 3.073200 ms  DeleteObjects: 0.295100 ms)

AssetImportParameters requested are different than current active one (requested -> active):
  custom:video-decoder-ogg-theora: a1e56fd34408186e4bbccfd4996cb3dc -> 
  custom:container-muxer-webm: aa71ff27fc2769a1b78a27578f13a17b -> 
  custom:container-demuxer-webm: 4f35f7cbe854078d1ac9338744f61a02 -> 
  custom:video-encoder-webm-vp8: eb34c28f22e8b96e1ab97ce403110664 -> 
  custom:video-codec-MediaFoundation-h265: 746d11721c4dcdbdad8f713fa42b33f4 -> 
  custom:audio-encoder-webm-vorbis: bf7c407c2cedff20999df2af8eb42d56 -> 
  custom:framework-win-MediaFoundation: 216162199b28c13a410421893ffa2e32 -> 
  custom:container-demuxer-ogg: 62fdf1f143b41e24485cea50d1cbac27 -> 
  custom:video-decoder-webm-vp8: 9c59270c3fd7afecdb556c50c9e8de78 -> 
  custom:audio-decoder-ogg-vorbis: bf7c407c2cedff20999df2af8eb42d56 -> 
========================================================================
Received Prepare
Refreshing native plugins compatible for Editor in 8.91 ms, found 3 plugins.
Preloading 0 native plugins for Editor in 0.00 ms.
Unloading 23 Unused Serialized files (Serialized files now loaded: 0)
Unloading 23 unused Assets / (389.3 KB). Loaded Objects now: 5691.
Memory consumption went from 119.2 MB to 118.8 MB.
Total: 3.649500 ms (FindLiveObjects: 0.425200 ms CreateObjectMapping: 0.215100 ms MarkObjects: 2.646100 ms  DeleteObjects: 0.361300 ms)

AssetImportParameters requested are different than current active one (requested -> active):
  custom:video-decoder-ogg-theora: a1e56fd34408186e4bbccfd4996cb3dc -> 
  custom:container-muxer-webm: aa71ff27fc2769a1b78a27578f13a17b -> 
  custom:container-demuxer-webm: 4f35f7cbe854078d1ac9338744f61a02 -> 
  custom:video-encoder-webm-vp8: eb34c28f22e8b96e1ab97ce403110664 -> 
  custom:video-codec-MediaFoundation-h265: 746d11721c4dcdbdad8f713fa42b33f4 -> 
  custom:audio-encoder-webm-vorbis: bf7c407c2cedff20999df2af8eb42d56 -> 
  custom:framework-win-MediaFoundation: 216162199b28c13a410421893ffa2e32 -> 
  custom:container-demuxer-ogg: 62fdf1f143b41e24485cea50d1cbac27 -> 
  custom:video-decoder-webm-vp8: 9c59270c3fd7afecdb556c50c9e8de78 -> 
  custom:audio-decoder-ogg-vorbis: bf7c407c2cedff20999df2af8eb42d56 -> 
========================================================================
Received Import Request.
  Time since last request: 234.879204 seconds.
  path: Assets/Scripts/NaviagateToPage.cs
  artifactKey: Guid(3f5c7eb21d815a84a863f7b118fff07b) Importer(815301076,1909f56bfc062723c751e8b465ee728b)
Start importing Assets/Scripts/NaviagateToPage.cs using Guid(3f5c7eb21d815a84a863f7b118fff07b) Importer(815301076,1909f56bfc062723c751e8b465ee728b)  -> (artifact id: 'c86d4818252b91411d875e8c98b5f768') in 0.009528 seconds 
========================================================================
Received Import Request.
  Time since last request: 76.560610 seconds.
  path: Assets/Scripts/Bordes.cs
  artifactKey: Guid(0a3c503042c3baa4691f370f550f19da) Importer(815301076,1909f56bfc062723c751e8b465ee728b)
Start importing Assets/Scripts/Bordes.cs using Guid(0a3c503042c3baa4691f370f550f19da) Importer(815301076,1909f56bfc062723c751e8b465ee728b)  -> (artifact id: '3bc8d74c090a8272f665d00325e68c1a') in 0.008220 seconds 
========================================================================
Received Prepare
Refreshing native plugins compatible for Editor in 3.14 ms, found 3 plugins.
Preloading 0 native plugins for Editor in 0.00 ms.
Unloading 23 Unused Serialized files (Serialized files now loaded: 0)
Unloading 23 unused Assets / (381.7 KB). Loaded Objects now: 5691.
Memory consumption went from 118.8 MB to 118.4 MB.
Total: 4.945600 ms (FindLiveObjects: 0.567500 ms CreateObjectMapping: 0.417500 ms MarkObjects: 3.586900 ms  DeleteObjects: 0.372100 ms)

AssetImportParameters requested are different than current active one (requested -> active):
  custom:video-decoder-ogg-theora: a1e56fd34408186e4bbccfd4996cb3dc -> 
  custom:container-muxer-webm: aa71ff27fc2769a1b78a27578f13a17b -> 
  custom:container-demuxer-webm: 4f35f7cbe854078d1ac9338744f61a02 -> 
  custom:video-encoder-webm-vp8: eb34c28f22e8b96e1ab97ce403110664 -> 
  custom:video-codec-MediaFoundation-h265: 746d11721c4dcdbdad8f713fa42b33f4 -> 
  custom:audio-encoder-webm-vorbis: bf7c407c2cedff20999df2af8eb42d56 -> 
  custom:framework-win-MediaFoundation: 216162199b28c13a410421893ffa2e32 -> 
  custom:container-demuxer-ogg: 62fdf1f143b41e24485cea50d1cbac27 -> 
  custom:video-decoder-webm-vp8: 9c59270c3fd7afecdb556c50c9e8de78 -> 
  custom:audio-decoder-ogg-vorbis: bf7c407c2cedff20999df2af8eb42d56 -> 
========================================================================
Received Import Request.
  Time since last request: 662.372185 seconds.
  path: Assets/Scripts/MostrarInfo.cs
  artifactKey: Guid(a77f67f430fe3f2449a4e57cae78b394) Importer(815301076,1909f56bfc062723c751e8b465ee728b)
Start importing Assets/Scripts/MostrarInfo.cs using Guid(a77f67f430fe3f2449a4e57cae78b394) Importer(815301076,1909f56bfc062723c751e8b465ee728b)  -> (artifact id: '3e206869b06108bfe2038ec564835626') in 0.012987 seconds 
========================================================================
Received Import Request.
  Time since last request: 230.052492 seconds.
  path: Assets/Scripts/MostrarInfo.cs
  artifactKey: Guid(a77f67f430fe3f2449a4e57cae78b394) Importer(815301076,1909f56bfc062723c751e8b465ee728b)
Start importing Assets/Scripts/MostrarInfo.cs using Guid(a77f67f430fe3f2449a4e57cae78b394) Importer(815301076,1909f56bfc062723c751e8b465ee728b)  -> (artifact id: '3619c04f5dca0ffc6dac0f54863b3f9e') in 0.003450 seconds 
========================================================================
Received Import Request.
  Time since last request: 324.353605 seconds.
  path: Assets/Scripts/MostrarInfo.cs
  artifactKey: Guid(a77f67f430fe3f2449a4e57cae78b394) Importer(815301076,1909f56bfc062723c751e8b465ee728b)
Start importing Assets/Scripts/MostrarInfo.cs using Guid(a77f67f430fe3f2449a4e57cae78b394) Importer(815301076,1909f56bfc062723c751e8b465ee728b)  -> (artifact id: 'ee1b01642fc9291928cbf800fcc69515') in 0.002838 seconds 
========================================================================
Received Prepare
Registering precompiled user dll's ...
Registered in 0.004881 seconds.
Begin MonoManager ReloadAssembly
Symbol file LoadedFromMemory doesn't match image C:\Users\Luciano_Flores\AR_Tarjeta\Library\PackageCache\com.unity.visualscripting@1.8.0\Editor\VisualScripting.Core\Dependencies\YamlDotNet\Unity.VisualScripting.YamlDotNet.dll
Symbol file LoadedFromMemory doesn't match image C:\Users\Luciano_Flores\AR_Tarjeta\Library\PackageCache\com.unity.visualscripting@1.8.0\Editor\VisualScripting.Core\Dependencies\DotNetZip\Unity.VisualScripting.IonicZip.dll
Native extension for WindowsStandalone target not found
Native extension for Android target not found
Native extension for WebGL target not found
Refreshing native plugins compatible for Editor in 0.82 ms, found 3 plugins.
Preloading 0 native plugins for Editor in 0.00 ms.
Mono: successfully reloaded assembly
- Completed reload, in  1.032 seconds
Domain Reload Profiling:
	ReloadAssembly (1032ms)
		BeginReloadAssembly (135ms)
			ExecutionOrderSort (0ms)
			DisableScriptedObjects (5ms)
			BackupInstance (0ms)
			ReleaseScriptingObjects (0ms)
			CreateAndSetChildDomain (41ms)
		EndReloadAssembly (809ms)
			LoadAssemblies (85ms)
			RebuildTransferFunctionScriptingTraits (0ms)
			SetupTypeCache (258ms)
			ReleaseScriptCaches (2ms)
			RebuildScriptCaches (42ms)
			SetupLoadedEditorAssemblies (343ms)
				LogAssemblyErrors (0ms)
				InitializePlatformSupportModulesInManaged (17ms)
				SetLoadedEditorAssemblies (0ms)
				RefreshPlugins (1ms)
				BeforeProcessingInitializeOnLoad (67ms)
				ProcessInitializeOnLoadAttributes (184ms)
				ProcessInitializeOnLoadMethodAttributes (70ms)
				AfterProcessingInitializeOnLoad (4ms)
				EditorAssembliesLoaded (0ms)
			ExecutionOrderSort2 (0ms)
			AwakeInstancesAfterBackupRestoration (17ms)
Platform modules already initialized, skipping
Refreshing native plugins compatible for Editor in 1.89 ms, found 3 plugins.
Preloading 0 native plugins for Editor in 0.00 ms.
Unloading 4952 Unused Serialized files (Serialized files now loaded: 0)
Unloading 23 unused Assets / (384.0 KB). Loaded Objects now: 5696.
Memory consumption went from 218.3 MB to 217.9 MB.
Total: 3.619100 ms (FindLiveObjects: 0.405000 ms CreateObjectMapping: 0.225400 ms MarkObjects: 2.722500 ms  DeleteObjects: 0.264600 ms)

AssetImportParameters requested are different than current active one (requested -> active):
  custom:video-decoder-ogg-theora: a1e56fd34408186e4bbccfd4996cb3dc -> 
  custom:container-muxer-webm: aa71ff27fc2769a1b78a27578f13a17b -> 
  custom:container-demuxer-webm: 4f35f7cbe854078d1ac9338744f61a02 -> 
  custom:video-encoder-webm-vp8: eb34c28f22e8b96e1ab97ce403110664 -> 
  custom:video-codec-MediaFoundation-h265: 746d11721c4dcdbdad8f713fa42b33f4 -> 
  custom:audio-encoder-webm-vorbis: bf7c407c2cedff20999df2af8eb42d56 -> 
  custom:framework-win-MediaFoundation: 216162199b28c13a410421893ffa2e32 -> 
  custom:container-demuxer-ogg: 62fdf1f143b41e24485cea50d1cbac27 -> 
  custom:video-decoder-webm-vp8: 9c59270c3fd7afecdb556c50c9e8de78 -> 
  custom:audio-decoder-ogg-vorbis: bf7c407c2cedff20999df2af8eb42d56 -> 
========================================================================
Received Prepare
Refreshing native plugins compatible for Editor in 3.04 ms, found 3 plugins.
Preloading 0 native plugins for Editor in 0.00 ms.
Unloading 23 Unused Serialized files (Serialized files now loaded: 0)
Unloading 23 unused Assets / (381.7 KB). Loaded Objects now: 5696.
Memory consumption went from 119.0 MB to 118.6 MB.
Total: 6.098200 ms (FindLiveObjects: 0.425400 ms CreateObjectMapping: 0.202200 ms MarkObjects: 5.112300 ms  DeleteObjects: 0.356900 ms)

AssetImportParameters requested are different than current active one (requested -> active):
  custom:video-decoder-ogg-theora: a1e56fd34408186e4bbccfd4996cb3dc -> 
  custom:container-muxer-webm: aa71ff27fc2769a1b78a27578f13a17b -> 
  custom:container-demuxer-webm: 4f35f7cbe854078d1ac9338744f61a02 -> 
  custom:video-encoder-webm-vp8: eb34c28f22e8b96e1ab97ce403110664 -> 
  custom:video-codec-MediaFoundation-h265: 746d11721c4dcdbdad8f713fa42b33f4 -> 
  custom:audio-encoder-webm-vorbis: bf7c407c2cedff20999df2af8eb42d56 -> 
  custom:framework-win-MediaFoundation: 216162199b28c13a410421893ffa2e32 -> 
  custom:container-demuxer-ogg: 62fdf1f143b41e24485cea50d1cbac27 -> 
  custom:video-decoder-webm-vp8: 9c59270c3fd7afecdb556c50c9e8de78 -> 
  custom:audio-decoder-ogg-vorbis: bf7c407c2cedff20999df2af8eb42d56 -> 
========================================================================
Received Import Request.
  Time since last request: 259.773922 seconds.
  path: Assets/Scripts/MostrarInfo.cs
  artifactKey: Guid(a77f67f430fe3f2449a4e57cae78b394) Importer(815301076,1909f56bfc062723c751e8b465ee728b)
Start importing Assets/Scripts/MostrarInfo.cs using Guid(a77f67f430fe3f2449a4e57cae78b394) Importer(815301076,1909f56bfc062723c751e8b465ee728b)  -> (artifact id: '78dfdd4e11a90fdfd976e2626c154049') in 0.013953 seconds 
========================================================================
Received Prepare
Registering precompiled user dll's ...
Registered in 0.006087 seconds.
Begin MonoManager ReloadAssembly
Symbol file LoadedFromMemory doesn't match image C:\Users\Luciano_Flores\AR_Tarjeta\Library\PackageCache\com.unity.visualscripting@1.8.0\Editor\VisualScripting.Core\Dependencies\YamlDotNet\Unity.VisualScripting.YamlDotNet.dll
Symbol file LoadedFromMemory doesn't match image C:\Users\Luciano_Flores\AR_Tarjeta\Library\PackageCache\com.unity.visualscripting@1.8.0\Editor\VisualScripting.Core\Dependencies\DotNetZip\Unity.VisualScripting.IonicZip.dll
Native extension for WindowsStandalone target not found
Native extension for Android target not found
Native extension for WebGL target not found
Refreshing native plugins compatible for Editor in 0.79 ms, found 3 plugins.
Preloading 0 native plugins for Editor in 0.00 ms.
Mono: successfully reloaded assembly
- Completed reload, in  1.188 seconds
Domain Reload Profiling:
	ReloadAssembly (1189ms)
		BeginReloadAssembly (164ms)
			ExecutionOrderSort (0ms)
			DisableScriptedObjects (6ms)
			BackupInstance (0ms)
			ReleaseScriptingObjects (0ms)
			CreateAndSetChildDomain (47ms)
		EndReloadAssembly (920ms)
			LoadAssemblies (107ms)
			RebuildTransferFunctionScriptingTraits (0ms)
			SetupTypeCache (275ms)
			ReleaseScriptCaches (3ms)
			RebuildScriptCaches (46ms)
			SetupLoadedEditorAssemblies (398ms)
				LogAssemblyErrors (0ms)
				InitializePlatformSupportModulesInManaged (16ms)
				SetLoadedEditorAssemblies (0ms)
				RefreshPlugins (1ms)
				BeforeProcessingInitializeOnLoad (67ms)
				ProcessInitializeOnLoadAttributes (225ms)
				ProcessInitializeOnLoadMethodAttributes (84ms)
				AfterProcessingInitializeOnLoad (5ms)
				EditorAssembliesLoaded (1ms)
			ExecutionOrderSort2 (0ms)
			AwakeInstancesAfterBackupRestoration (26ms)
Platform modules already initialized, skipping
Refreshing native plugins compatible for Editor in 2.08 ms, found 3 plugins.
Preloading 0 native plugins for Editor in 0.00 ms.
Unloading 4952 Unused Serialized files (Serialized files now loaded: 0)
Unloading 23 unused Assets / (384.0 KB). Loaded Objects now: 5700.
Memory consumption went from 218.5 MB to 218.2 MB.
Total: 4.458800 ms (FindLiveObjects: 0.407300 ms CreateObjectMapping: 0.215400 ms MarkObjects: 3.437200 ms  DeleteObjects: 0.397600 ms)

AssetImportParameters requested are different than current active one (requested -> active):
  custom:video-decoder-ogg-theora: a1e56fd34408186e4bbccfd4996cb3dc -> 
  custom:container-muxer-webm: aa71ff27fc2769a1b78a27578f13a17b -> 
  custom:container-demuxer-webm: 4f35f7cbe854078d1ac9338744f61a02 -> 
  custom:video-encoder-webm-vp8: eb34c28f22e8b96e1ab97ce403110664 -> 
  custom:video-codec-MediaFoundation-h265: 746d11721c4dcdbdad8f713fa42b33f4 -> 
  custom:audio-encoder-webm-vorbis: bf7c407c2cedff20999df2af8eb42d56 -> 
  custom:framework-win-MediaFoundation: 216162199b28c13a410421893ffa2e32 -> 
  custom:container-demuxer-ogg: 62fdf1f143b41e24485cea50d1cbac27 -> 
  custom:video-decoder-webm-vp8: 9c59270c3fd7afecdb556c50c9e8de78 -> 
  custom:audio-decoder-ogg-vorbis: bf7c407c2cedff20999df2af8eb42d56 -> 
========================================================================
Received Import Request.
  Time since last request: 120.715483 seconds.
  path: Assets/Scripts/MostrarInfo.cs
  artifactKey: Guid(a77f67f430fe3f2449a4e57cae78b394) Importer(815301076,1909f56bfc062723c751e8b465ee728b)
Start importing Assets/Scripts/MostrarInfo.cs using Guid(a77f67f430fe3f2449a4e57cae78b394) Importer(815301076,1909f56bfc062723c751e8b465ee728b)  -> (artifact id: 'd902845be200a0b4a6691d25914424a8') in 0.011637 seconds 
========================================================================
Received Prepare
Registering precompiled user dll's ...
Registered in 0.005995 seconds.
Begin MonoManager ReloadAssembly
Symbol file LoadedFromMemory doesn't match image C:\Users\Luciano_Flores\AR_Tarjeta\Library\PackageCache\com.unity.visualscripting@1.8.0\Editor\VisualScripting.Core\Dependencies\YamlDotNet\Unity.VisualScripting.YamlDotNet.dll
Symbol file LoadedFromMemory doesn't match image C:\Users\Luciano_Flores\AR_Tarjeta\Library\PackageCache\com.unity.visualscripting@1.8.0\Editor\VisualScripting.Core\Dependencies\DotNetZip\Unity.VisualScripting.IonicZip.dll
Native extension for WindowsStandalone target not found
Native extension for Android target not found
Native extension for WebGL target not found
Refreshing native plugins compatible for Editor in 0.80 ms, found 3 plugins.
Preloading 0 native plugins for Editor in 0.00 ms.
Mono: successfully reloaded assembly
- Completed reload, in  1.113 seconds
Domain Reload Profiling:
	ReloadAssembly (1114ms)
		BeginReloadAssembly (145ms)
			ExecutionOrderSort (0ms)
			DisableScriptedObjects (5ms)
			BackupInstance (0ms)
			ReleaseScriptingObjects (0ms)
			CreateAndSetChildDomain (46ms)
		EndReloadAssembly (867ms)
			LoadAssemblies (97ms)
			RebuildTransferFunctionScriptingTraits (0ms)
			SetupTypeCache (301ms)
			ReleaseScriptCaches (2ms)
			RebuildScriptCaches (41ms)
			SetupLoadedEditorAssemblies (359ms)
				LogAssemblyErrors (0ms)
				InitializePlatformSupportModulesInManaged (16ms)
				SetLoadedEditorAssemblies (0ms)
				RefreshPlugins (1ms)
				BeforeProcessingInitializeOnLoad (68ms)
				ProcessInitializeOnLoadAttributes (193ms)
				ProcessInitializeOnLoadMethodAttributes (77ms)
				AfterProcessingInitializeOnLoad (4ms)
				EditorAssembliesLoaded (0ms)
			ExecutionOrderSort2 (0ms)
			AwakeInstancesAfterBackupRestoration (18ms)
Platform modules already initialized, skipping
Refreshing native plugins compatible for Editor in 1.67 ms, found 3 plugins.
Preloading 0 native plugins for Editor in 0.00 ms.
Unloading 4952 Unused Serialized files (Serialized files now loaded: 0)
Unloading 23 unused Assets / (376.0 KB). Loaded Objects now: 5704.
Memory consumption went from 218.5 MB to 218.2 MB.
Total: 3.735600 ms (FindLiveObjects: 0.362800 ms CreateObjectMapping: 0.194800 ms MarkObjects: 2.737700 ms  DeleteObjects: 0.438400 ms)

AssetImportParameters requested are different than current active one (requested -> active):
  custom:video-decoder-ogg-theora: a1e56fd34408186e4bbccfd4996cb3dc -> 
  custom:container-muxer-webm: aa71ff27fc2769a1b78a27578f13a17b -> 
  custom:container-demuxer-webm: 4f35f7cbe854078d1ac9338744f61a02 -> 
  custom:video-encoder-webm-vp8: eb34c28f22e8b96e1ab97ce403110664 -> 
  custom:video-codec-MediaFoundation-h265: 746d11721c4dcdbdad8f713fa42b33f4 -> 
  custom:audio-encoder-webm-vorbis: bf7c407c2cedff20999df2af8eb42d56 -> 
  custom:framework-win-MediaFoundation: 216162199b28c13a410421893ffa2e32 -> 
  custom:container-demuxer-ogg: 62fdf1f143b41e24485cea50d1cbac27 -> 
  custom:video-decoder-webm-vp8: 9c59270c3fd7afecdb556c50c9e8de78 -> 
  custom:audio-decoder-ogg-vorbis: bf7c407c2cedff20999df2af8eb42d56 -> 
========================================================================
Received Import Request.
  Time since last request: 9.447021 seconds.
  path: Assets/Scripts/MostrarInfo.cs
  artifactKey: Guid(a77f67f430fe3f2449a4e57cae78b394) Importer(815301076,1909f56bfc062723c751e8b465ee728b)
Start importing Assets/Scripts/MostrarInfo.cs using Guid(a77f67f430fe3f2449a4e57cae78b394) Importer(815301076,1909f56bfc062723c751e8b465ee728b)  -> (artifact id: 'cb529f639db925f004feecd1d9fb0662') in 0.008643 seconds 
========================================================================
Received Prepare
Refreshing native plugins compatible for Editor in 4.66 ms, found 3 plugins.
Preloading 0 native plugins for Editor in 0.00 ms.
Unloading 23 Unused Serialized files (Serialized files now loaded: 0)
Unloading 23 unused Assets / (373.8 KB). Loaded Objects now: 5704.
Memory consumption went from 118.9 MB to 118.5 MB.
Total: 3.649600 ms (FindLiveObjects: 0.418700 ms CreateObjectMapping: 0.225100 ms MarkObjects: 2.501000 ms  DeleteObjects: 0.503500 ms)

AssetImportParameters requested are different than current active one (requested -> active):
  custom:video-decoder-ogg-theora: a1e56fd34408186e4bbccfd4996cb3dc -> 
  custom:container-muxer-webm: aa71ff27fc2769a1b78a27578f13a17b -> 
  custom:container-demuxer-webm: 4f35f7cbe854078d1ac9338744f61a02 -> 
  custom:video-encoder-webm-vp8: eb34c28f22e8b96e1ab97ce403110664 -> 
  custom:video-codec-MediaFoundation-h265: 746d11721c4dcdbdad8f713fa42b33f4 -> 
  custom:audio-encoder-webm-vorbis: bf7c407c2cedff20999df2af8eb42d56 -> 
  custom:framework-win-MediaFoundation: 216162199b28c13a410421893ffa2e32 -> 
  custom:container-demuxer-ogg: 62fdf1f143b41e24485cea50d1cbac27 -> 
  custom:video-decoder-webm-vp8: 9c59270c3fd7afecdb556c50c9e8de78 -> 
  custom:audio-decoder-ogg-vorbis: bf7c407c2cedff20999df2af8eb42d56 -> 
========================================================================
Received Prepare
Refreshing native plugins compatible for Editor in 4.34 ms, found 3 plugins.
Preloading 0 native plugins for Editor in 0.00 ms.
Unloading 23 Unused Serialized files (Serialized files now loaded: 0)
Unloading 23 unused Assets / (373.4 KB). Loaded Objects now: 5704.
Memory consumption went from 118.9 MB to 118.5 MB.
Total: 4.790000 ms (FindLiveObjects: 0.458000 ms CreateObjectMapping: 0.232200 ms MarkObjects: 3.739600 ms  DeleteObjects: 0.358900 ms)

AssetImportParameters requested are different than current active one (requested -> active):
  custom:video-decoder-ogg-theora: a1e56fd34408186e4bbccfd4996cb3dc -> 
  custom:container-muxer-webm: aa71ff27fc2769a1b78a27578f13a17b -> 
  custom:container-demuxer-webm: 4f35f7cbe854078d1ac9338744f61a02 -> 
  custom:video-encoder-webm-vp8: eb34c28f22e8b96e1ab97ce403110664 -> 
  custom:video-codec-MediaFoundation-h265: 746d11721c4dcdbdad8f713fa42b33f4 -> 
  custom:audio-encoder-webm-vorbis: bf7c407c2cedff20999df2af8eb42d56 -> 
  custom:framework-win-MediaFoundation: 216162199b28c13a410421893ffa2e32 -> 
  custom:container-demuxer-ogg: 62fdf1f143b41e24485cea50d1cbac27 -> 
  custom:video-decoder-webm-vp8: 9c59270c3fd7afecdb556c50c9e8de78 -> 
  custom:audio-decoder-ogg-vorbis: bf7c407c2cedff20999df2af8eb42d56 -> 
========================================================================
Received Import Request.
  Time since last request: 668.550205 seconds.
  path: Assets/Scripts/MostrarInfo.cs
  artifactKey: Guid(a77f67f430fe3f2449a4e57cae78b394) Importer(815301076,1909f56bfc062723c751e8b465ee728b)
Start importing Assets/Scripts/MostrarInfo.cs using Guid(a77f67f430fe3f2449a4e57cae78b394) Importer(815301076,1909f56bfc062723c751e8b465ee728b)  -> (artifact id: 'aea1d057d6e799e7bb1600658962404d') in 0.002855 seconds 
========================================================================
Received Prepare
Registering precompiled user dll's ...
Registered in 0.005173 seconds.
Begin MonoManager ReloadAssembly
Symbol file LoadedFromMemory doesn't match image C:\Users\Luciano_Flores\AR_Tarjeta\Library\PackageCache\com.unity.visualscripting@1.8.0\Editor\VisualScripting.Core\Dependencies\YamlDotNet\Unity.VisualScripting.YamlDotNet.dll
Symbol file LoadedFromMemory doesn't match image C:\Users\Luciano_Flores\AR_Tarjeta\Library\PackageCache\com.unity.visualscripting@1.8.0\Editor\VisualScripting.Core\Dependencies\DotNetZip\Unity.VisualScripting.IonicZip.dll
Native extension for WindowsStandalone target not found
Native extension for Android target not found
Native extension for WebGL target not found
Refreshing native plugins compatible for Editor in 0.91 ms, found 3 plugins.
Preloading 0 native plugins for Editor in 0.00 ms.
Mono: successfully reloaded assembly
- Completed reload, in  1.141 seconds
Domain Reload Profiling:
	ReloadAssembly (1142ms)
		BeginReloadAssembly (143ms)
			ExecutionOrderSort (0ms)
			DisableScriptedObjects (7ms)
			BackupInstance (0ms)
			ReleaseScriptingObjects (0ms)
			CreateAndSetChildDomain (39ms)
		EndReloadAssembly (896ms)
			LoadAssemblies (93ms)
			RebuildTransferFunctionScriptingTraits (0ms)
			SetupTypeCache (301ms)
			ReleaseScriptCaches (3ms)
			RebuildScriptCaches (40ms)
			SetupLoadedEditorAssemblies (368ms)
				LogAssemblyErrors (0ms)
				InitializePlatformSupportModulesInManaged (21ms)
				SetLoadedEditorAssemblies (0ms)
				RefreshPlugins (1ms)
				BeforeProcessingInitializeOnLoad (74ms)
				ProcessInitializeOnLoadAttributes (194ms)
				ProcessInitializeOnLoadMethodAttributes (73ms)
				AfterProcessingInitializeOnLoad (5ms)
				EditorAssembliesLoaded (0ms)
			ExecutionOrderSort2 (0ms)
			AwakeInstancesAfterBackupRestoration (19ms)
Platform modules already initialized, skipping
Refreshing native plugins compatible for Editor in 1.66 ms, found 3 plugins.
Preloading 0 native plugins for Editor in 0.00 ms.
Unloading 4952 Unused Serialized files (Serialized files now loaded: 0)
Unloading 23 unused Assets / (384.1 KB). Loaded Objects now: 5708.
Memory consumption went from 218.6 MB to 218.2 MB.
Total: 3.693700 ms (FindLiveObjects: 0.410900 ms CreateObjectMapping: 0.242500 ms MarkObjects: 2.721000 ms  DeleteObjects: 0.317600 ms)

AssetImportParameters requested are different than current active one (requested -> active):
  custom:video-decoder-ogg-theora: a1e56fd34408186e4bbccfd4996cb3dc -> 
  custom:container-muxer-webm: aa71ff27fc2769a1b78a27578f13a17b -> 
  custom:container-demuxer-webm: 4f35f7cbe854078d1ac9338744f61a02 -> 
  custom:video-encoder-webm-vp8: eb34c28f22e8b96e1ab97ce403110664 -> 
  custom:video-codec-MediaFoundation-h265: 746d11721c4dcdbdad8f713fa42b33f4 -> 
  custom:audio-encoder-webm-vorbis: bf7c407c2cedff20999df2af8eb42d56 -> 
  custom:framework-win-MediaFoundation: 216162199b28c13a410421893ffa2e32 -> 
  custom:container-demuxer-ogg: 62fdf1f143b41e24485cea50d1cbac27 -> 
  custom:video-decoder-webm-vp8: 9c59270c3fd7afecdb556c50c9e8de78 -> 
  custom:audio-decoder-ogg-vorbis: bf7c407c2cedff20999df2af8eb42d56 -> 
========================================================================
Received Import Request.
  Time since last request: 15.515742 seconds.
  path: Assets/Scripts/MostrarInfo.cs
  artifactKey: Guid(a77f67f430fe3f2449a4e57cae78b394) Importer(815301076,1909f56bfc062723c751e8b465ee728b)
Start importing Assets/Scripts/MostrarInfo.cs using Guid(a77f67f430fe3f2449a4e57cae78b394) Importer(815301076,1909f56bfc062723c751e8b465ee728b)  -> (artifact id: '45e32b8d83047f4e5f41a14329cc8034') in 0.010781 seconds 
========================================================================
Received Prepare
Refreshing native plugins compatible for Editor in 3.72 ms, found 3 plugins.
Preloading 0 native plugins for Editor in 0.00 ms.
Unloading 23 Unused Serialized files (Serialized files now loaded: 0)
Unloading 23 unused Assets / (373.7 KB). Loaded Objects now: 5708.
Memory consumption went from 118.9 MB to 118.5 MB.
Total: 5.725600 ms (FindLiveObjects: 0.442400 ms CreateObjectMapping: 0.378000 ms MarkObjects: 4.347300 ms  DeleteObjects: 0.556300 ms)

AssetImportParameters requested are different than current active one (requested -> active):
  custom:video-decoder-ogg-theora: a1e56fd34408186e4bbccfd4996cb3dc -> 
  custom:container-muxer-webm: aa71ff27fc2769a1b78a27578f13a17b -> 
  custom:container-demuxer-webm: 4f35f7cbe854078d1ac9338744f61a02 -> 
  custom:video-encoder-webm-vp8: eb34c28f22e8b96e1ab97ce403110664 -> 
  custom:video-codec-MediaFoundation-h265: 746d11721c4dcdbdad8f713fa42b33f4 -> 
  custom:audio-encoder-webm-vorbis: bf7c407c2cedff20999df2af8eb42d56 -> 
  custom:framework-win-MediaFoundation: 216162199b28c13a410421893ffa2e32 -> 
  custom:container-demuxer-ogg: 62fdf1f143b41e24485cea50d1cbac27 -> 
  custom:video-decoder-webm-vp8: 9c59270c3fd7afecdb556c50c9e8de78 -> 
  custom:audio-decoder-ogg-vorbis: bf7c407c2cedff20999df2af8eb42d56 -> 
========================================================================
Received Prepare
Refreshing native plugins compatible for Editor in 3.89 ms, found 3 plugins.
Preloading 0 native plugins for Editor in 0.00 ms.
Unloading 23 Unused Serialized files (Serialized files now loaded: 0)
Unloading 23 unused Assets / (381.6 KB). Loaded Objects now: 5708.
Memory consumption went from 118.9 MB to 118.5 MB.
Total: 4.677700 ms (FindLiveObjects: 0.419000 ms CreateObjectMapping: 0.217600 ms MarkObjects: 3.567000 ms  DeleteObjects: 0.472800 ms)

AssetImportParameters requested are different than current active one (requested -> active):
  custom:video-decoder-ogg-theora: a1e56fd34408186e4bbccfd4996cb3dc -> 
  custom:container-muxer-webm: aa71ff27fc2769a1b78a27578f13a17b -> 
  custom:container-demuxer-webm: 4f35f7cbe854078d1ac9338744f61a02 -> 
  custom:video-encoder-webm-vp8: eb34c28f22e8b96e1ab97ce403110664 -> 
  custom:video-codec-MediaFoundation-h265: 746d11721c4dcdbdad8f713fa42b33f4 -> 
  custom:audio-encoder-webm-vorbis: bf7c407c2cedff20999df2af8eb42d56 -> 
  custom:framework-win-MediaFoundation: 216162199b28c13a410421893ffa2e32 -> 
  custom:container-demuxer-ogg: 62fdf1f143b41e24485cea50d1cbac27 -> 
  custom:video-decoder-webm-vp8: 9c59270c3fd7afecdb556c50c9e8de78 -> 
  custom:audio-decoder-ogg-vorbis: bf7c407c2cedff20999df2af8eb42d56 -> 
========================================================================
Received Import Request.
  Time since last request: 652.168900 seconds.
  path: Assets/Prefab/PruebtextoEpi 1.prefab
  artifactKey: Guid(1245a1e8b10eefc42abf070489c87df4) Importer(815301076,1909f56bfc062723c751e8b465ee728b)
Start importing Assets/Prefab/PruebtextoEpi 1.prefab using Guid(1245a1e8b10eefc42abf070489c87df4) Importer(815301076,1909f56bfc062723c751e8b465ee728b)  -> (artifact id: 'bbdc1a78c8922ff880f1062a20054b69') in 0.301407 seconds 
========================================================================
Received Import Request.
  Time since last request: 19.415935 seconds.
  path: Assets/Prefab/PruebtextoEpi 1.prefab
  artifactKey: Guid(1245a1e8b10eefc42abf070489c87df4) Importer(815301076,1909f56bfc062723c751e8b465ee728b)
Start importing Assets/Prefab/PruebtextoEpi 1.prefab using Guid(1245a1e8b10eefc42abf070489c87df4) Importer(815301076,1909f56bfc062723c751e8b465ee728b)  -> (artifact id: '052c601dcaec12ac59928784c1363350') in 0.045523 seconds 
========================================================================
Received Prepare
Refreshing native plugins compatible for Editor in 4.23 ms, found 3 plugins.
Preloading 0 native plugins for Editor in 0.00 ms.
Unloading 23 Unused Serialized files (Serialized files now loaded: 0)
Unloading 23 unused Assets / (381.5 KB). Loaded Objects now: 5787.
Memory consumption went from 119.4 MB to 119.0 MB.
Total: 4.689500 ms (FindLiveObjects: 0.418100 ms CreateObjectMapping: 0.228300 ms MarkObjects: 3.688800 ms  DeleteObjects: 0.352400 ms)

AssetImportParameters requested are different than current active one (requested -> active):
  custom:video-decoder-ogg-theora: a1e56fd34408186e4bbccfd4996cb3dc -> 
  custom:container-muxer-webm: aa71ff27fc2769a1b78a27578f13a17b -> 
  custom:container-demuxer-webm: 4f35f7cbe854078d1ac9338744f61a02 -> 
  custom:video-encoder-webm-vp8: eb34c28f22e8b96e1ab97ce403110664 -> 
  custom:video-codec-MediaFoundation-h265: 746d11721c4dcdbdad8f713fa42b33f4 -> 
  custom:audio-encoder-webm-vorbis: bf7c407c2cedff20999df2af8eb42d56 -> 
  custom:framework-win-MediaFoundation: 216162199b28c13a410421893ffa2e32 -> 
  custom:container-demuxer-ogg: 62fdf1f143b41e24485cea50d1cbac27 -> 
  custom:video-decoder-webm-vp8: 9c59270c3fd7afecdb556c50c9e8de78 -> 
  custom:audio-decoder-ogg-vorbis: bf7c407c2cedff20999df2af8eb42d56 -> 
